<?xml version="1.0" encoding="UTF-8"?>
<!-- Generated by org.testng.reporters.JUnitReportReporter -->
<testsuite skipped="2" hostname="sai-PC" name="driverfactory.Testscripts" tests="3" failures="0" timestamp="1 Dec 2019 12:53:07 GMT" time="0.017" errors="1">
  <testcase name="setUp" time="0.000" classname="driverfactory.Testscripts">
    <error type="org.openqa.selenium.SessionNotCreatedException" message="session not created
from chrome not reachable
  (Session info: chrome=78.0.3904.108)
Build info: version: &#039;3.14.0&#039;, revision: &#039;aacccce0&#039;, time: &#039;2018-08-02T20:13:22.693Z&#039;
System info: host: &#039;SAI-PC&#039;, ip: &#039;192.168.32.1&#039;, os.name: &#039;Windows 7&#039;, os.arch: &#039;amd64&#039;, os.version: &#039;6.1&#039;, java.version: &#039;1.8.0_201&#039;
Driver info: driver.version: ChromeDriver
remote stacktrace: Backtrace:
	Ordinal0 [0x00EEA903+1550595]
	Ordinal0 [0x00E6A701+1025793]
	Ordinal0 [0x00DEC58E+509326]
	Ordinal0 [0x00DE62C2+484034]
	Ordinal0 [0x00DE699B+485787]
	Ordinal0 [0x00DE7B05+490245]
	Ordinal0 [0x00DE3A85+473733]
	Ordinal0 [0x00DED330+512816]
	Ordinal0 [0x00D9B649+177737]
	Ordinal0 [0x00D9A8ED+174317]
	Ordinal0 [0x00D98CDB+167131]
	Ordinal0 [0x00D8144A+70730]
	Ordinal0 [0x00D824D0+74960]
	Ordinal0 [0x00D82469+74857]
	Ordinal0 [0x00E842C7+1131207]
	GetHandleVerifier [0x00F870FD+523789]
	GetHandleVerifier [0x00F86E90+523168]
	GetHandleVerifier [0x00F8E1E7+552695]
	GetHandleVerifier [0x00F878FA+525834]
	Ordinal0 [0x00E7B7FC+1095676]
	Ordinal0 [0x00E8633B+1139515]
	Ordinal0 [0x00E864A3+1139875]
	Ordinal0 [0x00E85425+1135653]
	BaseThreadInitThunk [0x7639344D+18]
	RtlInitializeExceptionChain [0x76F49802+99]
	RtlInitializeExceptionChain [0x76F497D5+54]
">
      <![CDATA[org.openqa.selenium.SessionNotCreatedException: session not created
from chrome not reachable
  (Session info: chrome=78.0.3904.108)
Build info: version: '3.14.0', revision: 'aacccce0', time: '2018-08-02T20:13:22.693Z'
System info: host: 'SAI-PC', ip: '192.168.32.1', os.name: 'Windows 7', os.arch: 'amd64', os.version: '6.1', java.version: '1.8.0_201'
Driver info: driver.version: ChromeDriver
remote stacktrace: Backtrace:
	Ordinal0 [0x00EEA903+1550595]
	Ordinal0 [0x00E6A701+1025793]
	Ordinal0 [0x00DEC58E+509326]
	Ordinal0 [0x00DE62C2+484034]
	Ordinal0 [0x00DE699B+485787]
	Ordinal0 [0x00DE7B05+490245]
	Ordinal0 [0x00DE3A85+473733]
	Ordinal0 [0x00DED330+512816]
	Ordinal0 [0x00D9B649+177737]
	Ordinal0 [0x00D9A8ED+174317]
	Ordinal0 [0x00D98CDB+167131]
	Ordinal0 [0x00D8144A+70730]
	Ordinal0 [0x00D824D0+74960]
	Ordinal0 [0x00D82469+74857]
	Ordinal0 [0x00E842C7+1131207]
	GetHandleVerifier [0x00F870FD+523789]
	GetHandleVerifier [0x00F86E90+523168]
	GetHandleVerifier [0x00F8E1E7+552695]
	GetHandleVerifier [0x00F878FA+525834]
	Ordinal0 [0x00E7B7FC+1095676]
	Ordinal0 [0x00E8633B+1139515]
	Ordinal0 [0x00E864A3+1139875]
	Ordinal0 [0x00E85425+1135653]
	BaseThreadInitThunk [0x7639344D+18]
	RtlInitializeExceptionChain [0x76F49802+99]
	RtlInitializeExceptionChain [0x76F497D5+54]

	at sun.reflect.NativeConstructorAccessorImpl.newInstance0(Native Method)
	at sun.reflect.NativeConstructorAccessorImpl.newInstance(Unknown Source)
	at sun.reflect.DelegatingConstructorAccessorImpl.newInstance(Unknown Source)
	at java.lang.reflect.Constructor.newInstance(Unknown Source)
	at org.openqa.selenium.remote.W3CHandshakeResponse.lambda$new$0(W3CHandshakeResponse.java:57)
	at org.openqa.selenium.remote.W3CHandshakeResponse.lambda$getResponseFunction$2(W3CHandshakeResponse.java:104)
	at org.openqa.selenium.remote.ProtocolHandshake.lambda$createSession$0(ProtocolHandshake.java:122)
	at java.util.stream.ReferencePipeline$3$1.accept(Unknown Source)
	at java.util.Spliterators$ArraySpliterator.tryAdvance(Unknown Source)
	at java.util.stream.ReferencePipeline.forEachWithCancel(Unknown Source)
	at java.util.stream.AbstractPipeline.copyIntoWithCancel(Unknown Source)
	at java.util.stream.AbstractPipeline.copyInto(Unknown Source)
	at java.util.stream.AbstractPipeline.wrapAndCopyInto(Unknown Source)
	at java.util.stream.FindOps$FindOp.evaluateSequential(Unknown Source)
	at java.util.stream.AbstractPipeline.evaluate(Unknown Source)
	at java.util.stream.ReferencePipeline.findFirst(Unknown Source)
	at org.openqa.selenium.remote.ProtocolHandshake.createSession(ProtocolHandshake.java:125)
	at org.openqa.selenium.remote.ProtocolHandshake.createSession(ProtocolHandshake.java:73)
	at org.openqa.selenium.remote.HttpCommandExecutor.execute(HttpCommandExecutor.java:136)
	at org.openqa.selenium.remote.service.DriverCommandExecutor.execute(DriverCommandExecutor.java:83)
	at org.openqa.selenium.remote.RemoteWebDriver.execute(RemoteWebDriver.java:548)
	at org.openqa.selenium.remote.RemoteWebDriver.startSession(RemoteWebDriver.java:212)
	at org.openqa.selenium.remote.RemoteWebDriver.<init>(RemoteWebDriver.java:130)
	at org.openqa.selenium.chrome.ChromeDriver.<init>(ChromeDriver.java:181)
	at org.openqa.selenium.chrome.ChromeDriver.<init>(ChromeDriver.java:168)
	at org.openqa.selenium.chrome.ChromeDriver.<init>(ChromeDriver.java:123)
	at driverfactory.Testscripts.setUp(Testscripts.java:30)
	at sun.reflect.NativeMethodAccessorImpl.invoke0(Native Method)
	at sun.reflect.NativeMethodAccessorImpl.invoke(Unknown Source)
	at sun.reflect.DelegatingMethodAccessorImpl.invoke(Unknown Source)
	at java.lang.reflect.Method.invoke(Unknown Source)
	at org.testng.internal.MethodInvocationHelper.invokeMethod(MethodInvocationHelper.java:100)
	at org.testng.internal.Invoker.invokeConfigurationMethod(Invoker.java:515)
	at org.testng.internal.Invoker.invokeConfigurations(Invoker.java:216)
	at org.testng.internal.Invoker.invokeMethod(Invoker.java:590)
	at org.testng.internal.Invoker.invokeTestMethod(Invoker.java:811)
	at org.testng.internal.Invoker.invokeTestMethods(Invoker.java:1137)
	at org.testng.internal.TestMethodWorker.invokeTestMethods(TestMethodWorker.java:129)
	at org.testng.internal.TestMethodWorker.run(TestMethodWorker.java:112)
	at org.testng.TestRunner.privateRun(TestRunner.java:753)
	at org.testng.TestRunner.run(TestRunner.java:607)
	at org.testng.SuiteRunner.runTest(SuiteRunner.java:368)
	at org.testng.SuiteRunner.runSequentially(SuiteRunner.java:363)
	at org.testng.SuiteRunner.privateRun(SuiteRunner.java:321)
	at org.testng.SuiteRunner.run(SuiteRunner.java:270)
	at org.testng.SuiteRunnerWorker.runSuite(SuiteRunnerWorker.java:52)
	at org.testng.SuiteRunnerWorker.run(SuiteRunnerWorker.java:86)
	at org.testng.TestNG.runSuitesSequentially(TestNG.java:1284)
	at org.testng.TestNG.runSuitesLocally(TestNG.java:1209)
	at org.testng.TestNG.runSuites(TestNG.java:1124)
	at org.testng.TestNG.run(TestNG.java:1096)
	at org.testng.remote.AbstractRemoteTestNG.run(AbstractRemoteTestNG.java:132)
	at org.testng.remote.RemoteTestNG.initAndRun(RemoteTestNG.java:236)
	at org.testng.remote.RemoteTestNG.main(RemoteTestNG.java:81)
]]>
    </error>
  </testcase> <!-- setUp -->
  <testcase name="empCreation" time="0.008" classname="driverfactory.Testscripts">
    <skipped/>
  </testcase> <!-- empCreation -->
  <testcase name="userCreation" time="0.009" classname="driverfactory.Testscripts">
    <skipped/>
  </testcase> <!-- userCreation -->
</testsuite> <!-- driverfactory.Testscripts -->
