<?xml version="1.0" encoding="UTF-8"?>
<!-- Generated by org.testng.reporters.JUnitReportReporter -->
<testsuite skipped="1" hostname="sai-PC" name="driverfactory.Datadriven" tests="2" failures="0" timestamp="6 Dec 2019 11:51:44 GMT" time="0.010" errors="1">
  <testcase name="setUp" time="0.000" classname="driverfactory.Datadriven">
    <error type="org.openqa.selenium.SessionNotCreatedException" message="session not created
from chrome not reachable
  (Session info: chrome=78.0.3904.108)
Build info: version: &#039;3.14.0&#039;, revision: &#039;aacccce0&#039;, time: &#039;2018-08-02T20:13:22.693Z&#039;
System info: host: &#039;SAI-PC&#039;, ip: &#039;192.168.32.1&#039;, os.name: &#039;Windows 7&#039;, os.arch: &#039;amd64&#039;, os.version: &#039;6.1&#039;, java.version: &#039;1.8.0_201&#039;
Driver info: driver.version: ChromeDriver
remote stacktrace: Backtrace:
	Ordinal0 [0x0131A903+1550595]
	Ordinal0 [0x0129A701+1025793]
	Ordinal0 [0x0121C58E+509326]
	Ordinal0 [0x012162C2+484034]
	Ordinal0 [0x0121699B+485787]
	Ordinal0 [0x01217B05+490245]
	Ordinal0 [0x01213A85+473733]
	Ordinal0 [0x0121D330+512816]
	Ordinal0 [0x011CB649+177737]
	Ordinal0 [0x011CA8ED+174317]
	Ordinal0 [0x011C8CDB+167131]
	Ordinal0 [0x011B144A+70730]
	Ordinal0 [0x011B24D0+74960]
	Ordinal0 [0x011B2469+74857]
	Ordinal0 [0x012B42C7+1131207]
	GetHandleVerifier [0x013B70FD+523789]
	GetHandleVerifier [0x013B6E90+523168]
	GetHandleVerifier [0x013BE1E7+552695]
	GetHandleVerifier [0x013B78FA+525834]
	Ordinal0 [0x012AB7FC+1095676]
	Ordinal0 [0x012B633B+1139515]
	Ordinal0 [0x012B64A3+1139875]
	Ordinal0 [0x012B5425+1135653]
	BaseThreadInitThunk [0x7706344D+18]
	RtlInitializeExceptionChain [0x776C9802+99]
	RtlInitializeExceptionChain [0x776C97D5+54]
">
      <![CDATA[org.openqa.selenium.SessionNotCreatedException: session not created
from chrome not reachable
  (Session info: chrome=78.0.3904.108)
Build info: version: '3.14.0', revision: 'aacccce0', time: '2018-08-02T20:13:22.693Z'
System info: host: 'SAI-PC', ip: '192.168.32.1', os.name: 'Windows 7', os.arch: 'amd64', os.version: '6.1', java.version: '1.8.0_201'
Driver info: driver.version: ChromeDriver
remote stacktrace: Backtrace:
	Ordinal0 [0x0131A903+1550595]
	Ordinal0 [0x0129A701+1025793]
	Ordinal0 [0x0121C58E+509326]
	Ordinal0 [0x012162C2+484034]
	Ordinal0 [0x0121699B+485787]
	Ordinal0 [0x01217B05+490245]
	Ordinal0 [0x01213A85+473733]
	Ordinal0 [0x0121D330+512816]
	Ordinal0 [0x011CB649+177737]
	Ordinal0 [0x011CA8ED+174317]
	Ordinal0 [0x011C8CDB+167131]
	Ordinal0 [0x011B144A+70730]
	Ordinal0 [0x011B24D0+74960]
	Ordinal0 [0x011B2469+74857]
	Ordinal0 [0x012B42C7+1131207]
	GetHandleVerifier [0x013B70FD+523789]
	GetHandleVerifier [0x013B6E90+523168]
	GetHandleVerifier [0x013BE1E7+552695]
	GetHandleVerifier [0x013B78FA+525834]
	Ordinal0 [0x012AB7FC+1095676]
	Ordinal0 [0x012B633B+1139515]
	Ordinal0 [0x012B64A3+1139875]
	Ordinal0 [0x012B5425+1135653]
	BaseThreadInitThunk [0x7706344D+18]
	RtlInitializeExceptionChain [0x776C9802+99]
	RtlInitializeExceptionChain [0x776C97D5+54]

	at sun.reflect.NativeConstructorAccessorImpl.newInstance0(Native Method)
	at sun.reflect.NativeConstructorAccessorImpl.newInstance(Unknown Source)
	at sun.reflect.DelegatingConstructorAccessorImpl.newInstance(Unknown Source)
	at java.lang.reflect.Constructor.newInstance(Unknown Source)
	at org.openqa.selenium.remote.W3CHandshakeResponse.lambda$new$0(W3CHandshakeResponse.java:57)
	at org.openqa.selenium.remote.W3CHandshakeResponse.lambda$getResponseFunction$2(W3CHandshakeResponse.java:104)
	at org.openqa.selenium.remote.ProtocolHandshake.lambda$createSession$0(ProtocolHandshake.java:122)
	at java.util.stream.ReferencePipeline$3$1.accept(Unknown Source)
	at java.util.Spliterators$ArraySpliterator.tryAdvance(Unknown Source)
	at java.util.stream.ReferencePipeline.forEachWithCancel(Unknown Source)
	at java.util.stream.AbstractPipeline.copyIntoWithCancel(Unknown Source)
	at java.util.stream.AbstractPipeline.copyInto(Unknown Source)
	at java.util.stream.AbstractPipeline.wrapAndCopyInto(Unknown Source)
	at java.util.stream.FindOps$FindOp.evaluateSequential(Unknown Source)
	at java.util.stream.AbstractPipeline.evaluate(Unknown Source)
	at java.util.stream.ReferencePipeline.findFirst(Unknown Source)
	at org.openqa.selenium.remote.ProtocolHandshake.createSession(ProtocolHandshake.java:125)
	at org.openqa.selenium.remote.ProtocolHandshake.createSession(ProtocolHandshake.java:73)
	at org.openqa.selenium.remote.HttpCommandExecutor.execute(HttpCommandExecutor.java:136)
	at org.openqa.selenium.remote.service.DriverCommandExecutor.execute(DriverCommandExecutor.java:83)
	at org.openqa.selenium.remote.RemoteWebDriver.execute(RemoteWebDriver.java:548)
	at org.openqa.selenium.remote.RemoteWebDriver.startSession(RemoteWebDriver.java:212)
	at org.openqa.selenium.remote.RemoteWebDriver.<init>(RemoteWebDriver.java:130)
	at org.openqa.selenium.chrome.ChromeDriver.<init>(ChromeDriver.java:181)
	at org.openqa.selenium.chrome.ChromeDriver.<init>(ChromeDriver.java:168)
	at org.openqa.selenium.chrome.ChromeDriver.<init>(ChromeDriver.java:123)
	at driverfactory.Datadriven.setUp(Datadriven.java:31)
	at sun.reflect.NativeMethodAccessorImpl.invoke0(Native Method)
	at sun.reflect.NativeMethodAccessorImpl.invoke(Unknown Source)
	at sun.reflect.DelegatingMethodAccessorImpl.invoke(Unknown Source)
	at java.lang.reflect.Method.invoke(Unknown Source)
	at org.testng.internal.MethodInvocationHelper.invokeMethod(MethodInvocationHelper.java:100)
	at org.testng.internal.Invoker.invokeConfigurationMethod(Invoker.java:515)
	at org.testng.internal.Invoker.invokeConfigurations(Invoker.java:216)
	at org.testng.internal.Invoker.invokeConfigurations(Invoker.java:143)
	at org.testng.TestRunner.beforeRun(TestRunner.java:631)
	at org.testng.TestRunner.run(TestRunner.java:599)
	at org.testng.SuiteRunner.runTest(SuiteRunner.java:368)
	at org.testng.SuiteRunner.runSequentially(SuiteRunner.java:363)
	at org.testng.SuiteRunner.privateRun(SuiteRunner.java:321)
	at org.testng.SuiteRunner.run(SuiteRunner.java:270)
	at org.testng.SuiteRunnerWorker.runSuite(SuiteRunnerWorker.java:52)
	at org.testng.SuiteRunnerWorker.run(SuiteRunnerWorker.java:86)
	at org.testng.TestNG.runSuitesSequentially(TestNG.java:1284)
	at org.testng.TestNG.runSuitesLocally(TestNG.java:1209)
	at org.testng.TestNG.runSuites(TestNG.java:1124)
	at org.testng.TestNG.run(TestNG.java:1096)
	at org.testng.remote.AbstractRemoteTestNG.run(AbstractRemoteTestNG.java:132)
	at org.testng.remote.RemoteTestNG.initAndRun(RemoteTestNG.java:236)
	at org.testng.remote.RemoteTestNG.main(RemoteTestNG.java:81)
]]>
    </error>
  </testcase> <!-- setUp -->
  <testcase name="verifyRegister" time="0.010" classname="driverfactory.Datadriven">
    <skipped/>
  </testcase> <!-- verifyRegister -->
</testsuite> <!-- driverfactory.Datadriven -->
